This is pdfeTeX, Version 3.141592-1.11b-2.1 (MiKTeX 2.4) (preloaded format=latex 2022.3.20)  11 DEC 2022 12:53
entering extended mode
**Beamer.tex
(Beamer.tex{pdftex.cfg}
LaTeX2e <2001/06/01>
Babel <v3.7m> and hyphenation patterns for english, french, german, ngerman, du
mylang, nohyphenation, loaded.
(C:\texmf\tex\latex\beamer\base\beamer.cls
Document Class: beamer 2004/02/19 v2.01 Class for Typesetting a Beamer Presenta
tion
\beamer@tempbox=\box26
\beamer@version=\dimen102
(C:\texmf\tex\latex\beamer\base\beamerbasemodes.sty
Package: beamerbasemodes 2004/01/24 ver 1.30

(C:\texmf\tex\latex\beamer\base\beamerbasedecode.sty
Package: beamerbasedecode 2004/01/10 ver 1.30
\beamer@slideinframe=\count79
\beamer@minimum=\count80
)
\beamer@commentbox=\box27
)
\headheight=\dimen103
\headdp=\dimen104
\footheight=\dimen105
\sidebarheight=\dimen106
\beamer@tempdim=\dimen107
\beamer@finalheight=\dimen108
\beamer@animht=\dimen109
\beamer@animdp=\dimen110
\beamer@animwd=\dimen111
\beamer@leftmargin=\dimen112
\beamer@rightmargin=\dimen113
\beamer@leftsidebar=\dimen114
\beamer@rightsidebar=\dimen115
\beamer@boxsize=\dimen116
\beamer@vboxoffset=\dimen117
\beamer@descdefault=\dimen118
\beamer@descdefaulttemp=\dimen119
\beamer@lastskip=\skip41
\beamer@areabox=\box28
\beamer@animcurrent=\box29
\beamer@animshowbox=\box30
\beamer@sectionbox=\box31
\beamer@logobox=\box32
\beamer@linebox=\box33
\beamer@tempcount=\count81
\beamer@sectioncount=\count82
\beamer@subsectionmax=\count83
\beamer@sectionmax=\count84
\beamer@totalheads=\count85
\beamer@headcounter=\count86
\beamer@partstartpage=\count87
\beamer@sectionstartpage=\count88
\beamer@subsectionstartpage=\count89
\beamer@pausecount=\count90
\beamer@animationtempa=\count91
\beamer@animationtempb=\count92
\beamer@xpos=\count93
\beamer@ypos=\count94
\beamer@showpartnumber=\count95
\beamer@currentsubsection=\count96
\beamer@coveringdepth=\count97
\beamer@sectionadjust=\count98
\beamer@tocsectionnumber=\count99

(C:\texmf\tex\latex\beamer\base\beamerbaseoptions.sty
Package: beamerbaseoptions 2004/02/06 ver 1.30

(C:\texmf\tex\latex\graphics\keyval.sty
Package: keyval 1999/03/16 v1.13 key=value parser (DPC)
\KV@toks@=\toks14
)) (C:\texmf\tex\latex\pgf\pgf.sty
Package: pgf 2003/12/02 ver 0.60
\pgf@objectcount=\count100

(C:\texmf\tex\latex\xcolor\xcolor.sty
Package: xcolor 2004/02/16 v1.09 LaTeX color extensions (UK)
 (C:\texmf\tex\latex\graphics\color.sty
Package: color 1999/02/16 v1.0i Standard LaTeX Color (DPC)

(C:\texmf\tex\latex\00miktex\color.cfg
File: color.cfg 2003/03/08 v1.0 MiKTeX 'color' configuration
)
Package color Info: Driver file: pdftex.def on input line 125.
 (C:\texmf\tex\latex\graphics\pdftex.def
File: pdftex.def 2002/06/19 v0.03k graphics/color for pdftex
\Gread@gobject=\count101
))
Package xcolor Info: Color model `cmy' added on input line 681.
Package xcolor Info: Color model `hsb' added on input line 689.
Package xcolor Info: Color model `HTML' added on input line 709.
Package xcolor Info: Color model `HSB' added on input line 715.
Package xcolor Info: Color model `Gray' added on input line 721.
\rownum=\count102
Package xcolor Info: Starting to (re)define basic colors on input line 772.
Package color Info: Redefining color red on input line 773.
Package color Info: Redefining color green on input line 774.
Package color Info: Redefining color blue on input line 775.
Package color Info: Redefining color cyan on input line 776.
Package color Info: Redefining color magenta on input line 777.
Package color Info: Redefining color yellow on input line 778.
Package color Info: Redefining color black on input line 783.
Package color Info: Redefining color white on input line 784.
)
\pgf@linewidth=\dimen120
\pgfpic=\box34
\pgf@hbox=\box35
\pgf@tempbox=\box36
\pgf@aax=\dimen121
\pgf@aay=\dimen122
\pgf@abx=\dimen123
\pgf@aby=\dimen124
\pgf@bax=\dimen125
\pgf@bay=\dimen126
\pgf@bbx=\dimen127
\pgf@bby=\dimen128
\pgf@x=\dimen129
\pgf@y=\dimen130
\pgf@xa=\dimen131
\pgf@ya=\dimen132
\pgf@xb=\dimen133
\pgf@yb=\dimen134
\pgf@xc=\dimen135
\pgf@yc=\dimen136
\pgfobjectbox=\box37
\pgf@xx=\dimen137
\pgf@xy=\dimen138
\pgf@yx=\dimen139
\pgf@yy=\dimen140
\pgf@zx=\dimen141
\pgf@zy=\dimen142
\pgf@counta=\count103
\pgf@countb=\count104
) (C:\texmf\tex\latex\pgf\xxcolor.sty
Package: xxcolor 2003/10/24 ver 0.1
)
(C:\texmf\tex\latex\amsfonts\amssymb.sty
Package: amssymb 2002/01/22 v2.2d

(C:\texmf\tex\latex\amsfonts\amsfonts.sty
Package: amsfonts 2001/10/25 v2.2f
\@emptytoks=\toks15
\symAMSa=\mathgroup4
\symAMSb=\mathgroup5
LaTeX Font Info:    Overwriting math alphabet `\mathfrak' in version `bold'
(Font)                  U/euf/m/n --> U/euf/b/n on input line 132.
))
(C:\texmf\tex\latex\geometry\geometry.sty
Package: geometry 2002/07/08 v3.2 Page Geometry
\Gm@cnth=\count105
\Gm@cntv=\count106
\c@Gm@tempcnt=\count107
\Gm@bindingoffset=\dimen143
\Gm@wd@mp=\dimen144
\Gm@odd@mp=\dimen145
\Gm@even@mp=\dimen146
\Gm@dimlist=\toks16

(C:\texmf\tex\latex\geometry\geometry.cfg))
(C:\texmf\tex\latex\hyperref\hyperref.sty
Package: hyperref 2003/11/30 v6.74m Hypertext links for LaTeX
\@linkdim=\dimen147
\Hy@linkcounter=\count108
\Hy@pagecounter=\count109

(C:\texmf\tex\latex\hyperref\pd1enc.def
File: pd1enc.def 2003/11/30 v6.74m Hyperref: PDFDocEncoding definition (HO)
)
(C:\texmf\tex\latex\00miktex\hyperref.cfg
File: hyperref.cfg 2003/03/08 v1.0 MiKTeX 'hyperref' configuration
)
Package hyperref Info: Option `bookmarks' set `true' on input line 1830.
Package hyperref Info: Option `bookmarksopen' set `true' on input line 1830.
Package hyperref Info: Option `implicit' set `false' on input line 1830.
Package hyperref Info: Hyper figures OFF on input line 1880.
Package hyperref Info: Link nesting OFF on input line 1885.
Package hyperref Info: Hyper index ON on input line 1888.
Package hyperref Info: Plain pages ON on input line 1893.
Package hyperref Info: Backreferencing OFF on input line 1900.

Implicit mode OFF; no redefinition of LaTeX internals
Package hyperref Info: Bookmarks ON on input line 2004.
(C:\texmf\tex\latex\ltxmisc\url.sty
\Urlmuskip=\muskip10
Package: url 2003/11/24  ver 3.0  Verb mode for urls, etc.
)
LaTeX Info: Redefining \url on input line 2143.
\Fld@menulength=\count110
\Field@Width=\dimen148
\Fld@charsize=\dimen149
\Choice@toks=\toks17
\Field@toks=\toks18
Package hyperref Info: Hyper figures OFF on input line 2618.
Package hyperref Info: Link nesting OFF on input line 2623.
Package hyperref Info: Hyper index ON on input line 2626.
Package hyperref Info: backreferencing OFF on input line 2633.
Package hyperref Info: Link coloring OFF on input line 2638.

Hyperref stopped early
)
*hyperref using default driver hpdftex*
(C:\texmf\tex\latex\hyperref\hpdftex.def
File: hpdftex.def 2003/11/30 v6.74m Hyperref driver for pdfTeX
 (C:\texmf\tex\latex\psnfss\pifont.sty
Package: pifont 2003/03/02 PSNFSS-v9.0c Pi font support (SPQR) 
LaTeX Font Info:    Try loading font information for U+pzd on input line 63.

(C:\texmf\tex\latex\psnfss\upzd.fd
File: upzd.fd 2001/06/04 font definitions for U/pzd.
)
LaTeX Font Info:    Try loading font information for U+psy on input line 64.
 (C:\texmf\tex\latex\psnfss\upsy.fd
File: upsy.fd 2001/06/04 font definitions for U/psy.
))
\Fld@listcount=\count111
\@outlinefile=\write3
)
(C:\texmf\tex\latex\base\size11.clo
File: size11.clo 2001/04/21 v1.4e Standard LaTeX file (size option)
)
(C:\texmf\tex\latex\beamer\base\beamerbasecompatibility.sty
Package: beamerbasecompatibility 2004/01/10 ver 1.20
)
(C:\texmf\tex\latex\beamer\base\beamerbasefont.sty
Package: beamerbasefont 2004/01/10 ver 1.20
LaTeX Font Info:    Overwriting symbol font `operators' in version `normal'
(Font)                  OT1/cmr/m/n --> OT1/cmss/m/n on input line 113.
LaTeX Font Info:    Overwriting symbol font `operators' in version `bold'
(Font)                  OT1/cmr/bx/n --> OT1/cmss/bx/n on input line 116.
)
(C:\texmf\tex\latex\beamer\base\beamerbasemisc.sty
Package: beamerbasemisc 2004/01/10 ver 1.20
 (Beamer.nav))
(C:\texmf\tex\latex\beamer\base\beamerbaseoverlay.sty
Package: beamerbaseoverlay 2004/01/10 ver 1.20
\beamer@argscount=\count112
\beamer@lastskipcover=\skip42
\beamer@trivlistdepth=\count113
)
(C:\texmf\tex\latex\beamer\base\beamerbasetitle.sty
Package: beamerbasetitle 2004/01/10 ver 1.20
)
(C:\texmf\tex\latex\beamer\base\beamerbasesection.sty
Package: beamerbasesection 2004/01/10 ver 1.20
\c@lecture=\count114
\c@part=\count115
\c@section=\count116
\c@subsection=\count117
)
(C:\texmf\tex\latex\beamer\base\beamerbaseframe.sty
Package: beamerbaseframe 2004/01/10 ver 1.20
\beamer@framebox=\box38
\c@subsectionslide=\count118
\c@framenumber=\count119
)
(C:\texmf\tex\latex\beamer\base\beamerbaseframecomponents.sty
Package: beamerbaseframecomponents 2004/01/10 ver 1.20
)
(C:\texmf\tex\latex\beamer\base\beamerbasecolor.sty
Package: beamerbasecolor 2004/01/10 ver 1.20
)
(C:\texmf\tex\latex\beamer\base\beamerbasenotes.sty
Package: beamerbasenotes 2004/02/05 ver 1.30
\beamer@frameboxcopy=\box39
)
(C:\texmf\tex\latex\beamer\base\beamerbasetoc.sty
Package: beamerbasetoc 2004/01/10 ver 1.20
)
(C:\texmf\tex\latex\beamer\base\beamerbasetemplates.sty
Package: beamerbasetemplates 2004/02/24 ver 2.01

(C:\texmf\tex\latex\pgf\pgfshade.sty
Package: pgfshade 2003/08/20 ver 0.11
\pgf@max=\dimen150
)
(C:\texmf\tex\latex\beamer\base\beamerbaseboxes.sty
Package: beamerbaseboxes 2004/01/10 ver 1.20
\bmb@box=\box40
\bmb@temp=\dimen151
\bmb@dima=\dimen152
\bmb@dimb=\dimen153
\bmb@prevheight=\dimen154
)
\beamer@dima=\dimen155
\beamer@dimb=\dimen156
\beamer@blockheadheight=\dimen157
)
(C:\texmf\tex\latex\beamer\base\beamerbaselocalstructure.sty
Package: beamerbaselocalstructure 2004/01/10 ver 1.20

(C:\texmf\tex\latex\tools\enumerate.sty
Package: enumerate 1999/03/05 v3.00 enumerate extensions (DPC)
\@enLab=\toks19
)
\c@figure=\count120
\c@table=\count121
\abovecaptionskip=\skip43
\belowcaptionskip=\skip44
)
(C:\texmf\tex\latex\beamer\base\beamerbasenavigation.sty
Package: beamerbasenavigation 2004/01/10 ver 1.20
))
(C:\texmf\tex\latex\base\inputenc.sty
Package: inputenc 2001/07/10 v0.99a Input encoding file 
 (C:\texmf\tex\latex\base\latin1.def
File: latin1.def 2001/07/10 v0.99a Input encoding file 
))
(C:\texmf\tex\latex\amsmath\amsmath.sty
Package: amsmath 2000/07/18 v2.13 AMS math features
\@mathmargin=\skip45

For additional information on amsmath, use the `?' option.
(C:\texmf\tex\latex\amsmath\amstext.sty
Package: amstext 2000/06/29 v2.01
 (C:\texmf\tex\latex\amsmath\amsgen.sty
File: amsgen.sty 1999/11/30 v2.0
\@emptytoks=\toks20
\ex@=\dimen158
)) (C:\texmf\tex\latex\amsmath\amsbsy.sty
Package: amsbsy 1999/11/29 v1.2d
\pmbraise@=\dimen159
)
(C:\texmf\tex\latex\amsmath\amsopn.sty
Package: amsopn 1999/12/14 v2.01 operator names
)
\inf@bad=\count122
LaTeX Info: Redefining \frac on input line 211.
\uproot@=\count123
\leftroot@=\count124
LaTeX Info: Redefining \overline on input line 307.
\classnum@=\count125
\DOTSCASE@=\count126
LaTeX Info: Redefining \ldots on input line 379.
LaTeX Info: Redefining \dots on input line 382.
LaTeX Info: Redefining \cdots on input line 467.
\Mathstrutbox@=\box41
\strutbox@=\box42
\big@size=\dimen160
LaTeX Font Info:    Redeclaring font encoding OML on input line 567.
LaTeX Font Info:    Redeclaring font encoding OMS on input line 568.
\macc@depth=\count127
\c@MaxMatrixCols=\count128
\dotsspace@=\muskip11
\c@parentequation=\count129
\dspbrk@lvl=\count130
\tag@help=\toks21
\row@=\count131
\column@=\count132
\maxfields@=\count133
\andhelp@=\toks22
\eqnshift@=\dimen161
\alignsep@=\dimen162
\tagshift@=\dimen163
\tagwidth@=\dimen164
\totwidth@=\dimen165
\lineht@=\dimen166
\@envbody=\toks23
\multlinegap=\skip46
\multlinetaggap=\skip47
\mathdisplay@stack=\toks24
LaTeX Info: Redefining \[ on input line 2666.
LaTeX Info: Redefining \] on input line 2667.
)
(C:\texmf\tex\latex\graphics\graphicx.sty
Package: graphicx 1999/02/16 v1.0f Enhanced LaTeX Graphics (DPC,SPQR)

(C:\texmf\tex\latex\graphics\graphics.sty
Package: graphics 2001/07/07 v1.0n Standard LaTeX Graphics (DPC,SPQR)
 (C:\texmf\tex\latex\graphics\trig.sty
Package: trig 1999/03/16 v1.09 sin cos tan (DPC)
) (C:\texmf\tex\latex\00miktex\graphics.cfg
File: graphics.cfg 2003/03/12 v1.1 MiKTeX 'graphics' configuration
)
Package graphics Info: Driver file: pdftex.def on input line 80.
)
\Gin@req@height=\dimen167
\Gin@req@width=\dimen168
)
(C:\texmf\tex\generic\babel\babel.sty
Package: babel 2003/11/16 v3.7m The Babel package
 (C:\texmf\tex\generic\babel\portuges.ldf
Language: portuges 2003/05/23 v1.2p Portuguese support from the babel system

(C:\texmf\tex\generic\babel\babel.def
File: babel.def 2003/11/16 v3.7m Babel common definitions
LaTeX Info: Redefining \textlatin on input line 63.
\babel@savecnt=\count134
\U@D=\dimen169
)

Package babel Warning: No hyphenation patterns were loaded for
(babel)                the language `Portuguese'
(babel)                I will use the patterns loaded for \language=0 instead.

\l@portuges = a dialect from \language0
\l@brazil = a dialect from \language\l@portuges 
Package babel Info: Making " an active character on input line 126.
)) (C:\texmf\tex\latex\ms\ragged2e.sty
Package: ragged2e 2003/03/25 v2.04 ragged2e Package (MS)
 (C:\texmf\tex\latex\ms\everysel.sty
Package: everysel 1999/06/08 v1.03 EverySelectfont Package (MS)
)
\CenteringLeftskip=\skip48
\RaggedLeftLeftskip=\skip49
\RaggedRightLeftskip=\skip50
\CenteringRightskip=\skip51
\RaggedLeftRightskip=\skip52
\RaggedRightRightskip=\skip53
\CenteringParfillskip=\skip54
\RaggedLeftParfillskip=\skip55
\RaggedRightParfillskip=\skip56
\JustifyingParfillskip=\skip57
\CenteringParindent=\skip58
\RaggedLeftParindent=\skip59
\RaggedRightParindent=\skip60
\JustifyingParindent=\skip61
)
(C:\texmf\tex\latex\tools\indentfirst.sty
Package: indentfirst 1995/11/23 v1.03 Indent first paragraph (DPC)
) (C:\texmf\tex\latex\float\float.sty
Package: float 2001/11/08 v1.3d Float enhancements (AL)
\c@float@type=\count135
\float@exts=\toks25
\float@box=\box43
\@float@everytoks=\toks26
\@floatcapt=\box44
) (Beamer.aux)
LaTeX Font Info:    Checking defaults for OML/cmm/m/it on input line 14.
LaTeX Font Info:    ... okay on input line 14.
LaTeX Font Info:    Checking defaults for T1/cmr/m/n on input line 14.
LaTeX Font Info:    ... okay on input line 14.
LaTeX Font Info:    Checking defaults for OT1/cmr/m/n on input line 14.
LaTeX Font Info:    ... okay on input line 14.
LaTeX Font Info:    Checking defaults for OMS/cmsy/m/n on input line 14.
LaTeX Font Info:    ... okay on input line 14.
LaTeX Font Info:    Checking defaults for OMX/cmex/m/n on input line 14.
LaTeX Font Info:    ... okay on input line 14.
LaTeX Font Info:    Checking defaults for U/cmr/m/n on input line 14.
LaTeX Font Info:    ... okay on input line 14.
LaTeX Font Info:    Checking defaults for PD1/pdf/m/n on input line 14.
LaTeX Font Info:    ... okay on input line 14.
 (C:\texmf\tex\context\base\supp-pdf.tex
(C:\texmf\tex\context\base\supp-mis.tex
loading : Context Support Macros / Miscellaneous 
\protectiondepth=\count136
\scratchcounter=\count137
\scratchtoks=\toks27
\scratchdimen=\dimen170
\scratchskip=\skip62
\scratchmuskip=\muskip12
\scratchbox=\box45
\scratchread=\read1
\scratchwrite=\write4
\zeropoint=\dimen171
\onepoint=\dimen172
\minusone=\count138
\thousandpoint=\dimen173
\emptytoks=\toks28
\nextbox=\box46
\nextdepth=\dimen174
\everyline=\toks29
\!!counta=\count139
\!!countb=\count140
\recursecounter=\count141
)
loading : Context Support Macros / PDF
\nofMPsegments=\count142
\nofMParguments=\count143
\everyMPtoPDFconversion=\toks30
)
-------------------- Geometry parameters
paper: user defined
landscape: --
twocolumn: --
twoside: --
asymmetric: --
h-parts: 28.45274pt, 307.28987pt, 28.45274pt
v-parts: 0.0pt, 273.14662pt, 0.0pt
hmarginratio: --
vmarginratio: --
lines: --
heightrounded: --
bindingoffset: 0.0pt
truedimen: --
includehead: true
includefoot: true
includemp: --
driver: pdftex
-------------------- Page layout dimensions and switches
\paperwidth  364.19536pt
\paperheight 273.14662pt
\textwidth  307.28987pt
\textheight 257.24667pt
\oddsidemargin  -43.81725pt
\evensidemargin -43.81725pt
\topmargin  -72.26999pt
\headheight 11.89995pt
\headsep    0.0pt
\footskip   4.0pt
\marginparwidth 4.0pt
\marginparsep   10.0pt
\columnsep  10.0pt
\skip\footins  10.0pt plus 4.0pt minus 2.0pt
\hoffset 0.0pt
\voffset 0.0pt
\mag 1000

(1in=72.27pt, 1cm=28.45pt)
-----------------------
Package hyperref Info: Link coloring OFF on input line 14.
 (C:\texmf\tex\latex\hyperref\nameref.sty
Package: nameref 2003/12/03 v2.21 Cross-referencing by name of section
\c@section@level=\count144
)
LaTeX Info: Redefining \ref on input line 14.
LaTeX Info: Redefining \pageref on input line 14.
 (Beamer.out) (Beamer.out)
\symnumbers=\mathgroup6
\sympureletters=\mathgroup7
LaTeX Font Info:    Redeclaring math alphabet \mathrm on input line 14.
LaTeX Font Info:    Redeclaring math alphabet \mathbf on input line 14.
LaTeX Font Info:    Overwriting math alphabet `\mathbf' in version `normal'
(Font)                  OT1/cmr/bx/n --> OT1/cmss/bx/n on input line 14.
LaTeX Font Info:    Overwriting math alphabet `\mathbf' in version `bold'
(Font)                  OT1/cmr/bx/n --> OT1/cmss/bx/n on input line 14.
LaTeX Font Info:    Redeclaring math alphabet \mathsf on input line 14.
LaTeX Font Info:    Overwriting math alphabet `\mathsf' in version `normal'
(Font)                  OT1/cmss/m/n --> OT1/cmss/m/n on input line 14.
LaTeX Font Info:    Overwriting math alphabet `\mathsf' in version `bold'
(Font)                  OT1/cmss/bx/n --> OT1/cmss/m/n on input line 14.
LaTeX Font Info:    Redeclaring math alphabet \mathit on input line 14.
LaTeX Font Info:    Overwriting math alphabet `\mathit' in version `normal'
(Font)                  OT1/cmr/m/it --> OT1/cmss/m/it on input line 14.
LaTeX Font Info:    Overwriting math alphabet `\mathit' in version `bold'
(Font)                  OT1/cmr/bx/it --> OT1/cmss/m/it on input line 14.
LaTeX Font Info:    Redeclaring math alphabet \mathtt on input line 14.
LaTeX Font Info:    Overwriting math alphabet `\mathtt' in version `normal'
(Font)                  OT1/cmtt/m/n --> OT1/cmtt/m/n on input line 14.
LaTeX Font Info:    Overwriting math alphabet `\mathtt' in version `bold'
(Font)                  OT1/cmtt/m/n --> OT1/cmtt/m/n on input line 14.
LaTeX Font Info:    Overwriting symbol font `numbers' in version `bold'
(Font)                  OT1/cmss/m/n --> OT1/cmss/bx/n on input line 14.
LaTeX Font Info:    Overwriting symbol font `pureletters' in version `bold'
(Font)                  OT1/cmss/m/it --> OT1/cmss/bx/it on input line 14.
LaTeX Font Info:    Overwriting math alphabet `\mathrm' in version `bold'
(Font)                  OT1/cmr/m/n --> OT1/cmr/bx/n on input line 14.
LaTeX Font Info:    Overwriting math alphabet `\mathbf' in version `bold'
(Font)                  OT1/cmss/bx/n --> OT1/cmss/bx/n on input line 14.
LaTeX Font Info:    Overwriting math alphabet `\mathsf' in version `bold'
(Font)                  OT1/cmss/m/n --> OT1/cmss/bx/n on input line 14.
LaTeX Font Info:    Overwriting math alphabet `\mathit' in version `bold'
(Font)                  OT1/cmss/m/it --> OT1/cmss/bx/it on input line 14.
LaTeX Font Info:    Overwriting math alphabet `\mathtt' in version `bold'
(Font)                  OT1/cmtt/m/n --> OT1/cmtt/bx/n on input line 14.
LaTeX Info: Redefining \selectfont on input line 14.

Overfull \hbox (1.7338pt too wide) in paragraph at lines 19--20
/cmss10@10.95pt/difer-en-ci-ais or-dinarias de primeira or-dem. Es-tu-damos al
-guns metodos
 []

[1

{psfonts.map}] [2]
LaTeX Font Info:    Try loading font information for U+msa on input line 37.
 (C:\texmf\tex\latex\amsfonts\umsa.fd
File: umsa.fd 2002/01/19 v2.2g AMS font definitions
)
LaTeX Font Info:    Try loading font information for U+msb on input line 37.

(C:\texmf\tex\latex\amsfonts\umsb.fd
File: umsb.fd 2002/01/19 v2.2g AMS font definitions
)

LaTeX Font Warning: Font shape `OT1/cmss/m/it' in size <10.95> not available
(Font)              Font shape `OT1/cmss/m/sl' tried instead on input line 37.


LaTeX Font Warning: Font shape `OT1/cmss/m/it' in size <8> not available
(Font)              Font shape `OT1/cmss/m/sl' tried instead on input line 37.


LaTeX Font Warning: Font shape `OT1/cmss/m/it' in size <6> not available
(Font)              Font shape `OT1/cmss/m/sl' tried instead on input line 37.

[3] [4] [5] [6] [7] [8] [9] [10] [11] [12] [13] [14] [15] [16] [17] [18]
[19] [20] [21] [22] [23] [24] [25] [26] [27] [28] [29] [30] [31] [32] [33]
[34] [35]
Overfull \hbox (13.91501pt too wide) in paragraph at lines 459--460
[]/cmss10@10.95pt/[1] BOYCE, William; DIPRIMA, Richard; MEADE, Dou-glas. /cmssb
x10@10.95pt/Equac~oes
 []


Overfull \hbox (3.69075pt too wide) in paragraph at lines 469--470
/cmssbx10@10.95pt/a Trac-triz/cmss10@10.95pt/. 2021. 40 f. Tra-balho de Con-clu
s~ao de Curso (Graduac~ao)
 []

[36]
\tf@nav=\write5
\tf@toc=\write6
\tf@snm=\write7
 (Beamer.aux) ) 
Here is how much of TeX's memory you used:
 6581 strings out of 95518
 93351 string characters out of 1189727
 206618 words of memory out of 1206073
 9237 multiletter control sequences out of 35000
 10951 words of font info for 40 fonts, out of 500000 for 1000
 14 hyphenation exceptions out of 607
 41i,14n,51p,1080b,240s stack positions out of 1500i,500n,5000p,200000b,32768s
 999 PDF objects out of 65536
 63 named destinations out of 20000
 361 words of extra memory for PDF output out of 65536
<cmss12.pfb><cmmi8.pfb><cmex10.pfb><cmsy8.pfb><cmssi8.pfb><cmss8
.pfb><cmex10.pfb><msbm10.pfb><cmsy10.pfb><cmmi10.pfb><cmssi10.pfb><cmssbx10.pfb
><cmss10.pfb>
Output written on Beamer.pdf (36 pages, 294187 bytes).
