   0.0000000000000000        19.951191000000001        18.123239961336171       -1.8279510386638300     
   5.9999998700000001E-002   13.104309000000001        18.864241973829852        5.7599329738298515     
  0.12000000000000000        22.790436000000000        19.600023232096142       -3.1904127679038581     
  0.17999999000000000        20.072783999999999        20.330583566814568       0.25779956681456895     
  0.23999999000000000        14.043241999999999        21.055923237503766        7.0126812375037666     
  0.29999998000000000        17.829739000000000        21.776042002383853        3.9463030023838535     
  0.35999998000000000        11.155341000000000        22.490940101494456        11.335599101494456     
  0.41999998999999999        11.193588000000000        23.200617532225177        12.007029532225177     
  0.47999998999999999        19.378617999999999        23.905074058016915        4.5264560580169153     
  0.53999995999999995        20.577938000000000        24.604309449271618        4.0263714492716183     
  0.59999996000000000        19.335032999999999        25.298324405225014        5.9632914052250143     
  0.65999996999999999        18.830303000000001        25.987118689318013        7.1568156893180124     
  0.71999997000000004        35.318137999999998        26.670692071952555       -8.6474459280474427     
  0.77999996999999999        26.134274000000001        27.349044668362726        1.2147706683627248     
  0.83999997000000004        28.351948000000000        28.022176478548534      -0.32977152145146604     
  0.89999998000000003        33.677643000000003        28.690087613393416       -4.9875553866065871     
  0.95999997999999997        21.712502000000001        29.352777850260360        7.6402758502603589     
   1.0200000000000000        35.314704999999996        30.010247519189292       -5.3044574808107043     
   1.0799999000000000        36.090285999999999        30.662495099136784       -5.4277909008632150     
   1.1399999000000001        30.444890999999998        31.309522984291686       0.86463198429168742     
   1.1999998000000001        41.881844000000001        31.951329017894366       -9.9305149821056347     
   1.2599997999999999        33.537708000000002        32.587915339301837      -0.94979266069816504     
   1.3199997000000001        30.355846000000000        33.219279826559706        2.8634338265597066     
   1.3799996000000001        46.259258000000003        33.845423544995818       -12.413834455004185     
   1.4399995999999999        39.491570000000003        34.466347525132811       -5.0252224748671921     
   1.4999994999999999        41.584606000000001        35.082049697224107       -6.5025563027758935     
   1.5599995000000000        37.831657000000000        35.692532113613687       -2.1391248863863126     
   1.6199994000000000        35.832225999999999        36.297792739360162       0.46556673936016324     
   1.6799994000000000        31.747682999999999        36.897833592002321        5.1501505920023227     
   1.7399993000000000        45.328682000000001        37.492652671403988       -7.8360293285960125     
   1.7999992000000000        42.785862000000002        38.082250981983890       -4.7036110180161117     
   1.8599992000000001        45.479407999999999        38.666629493355572       -6.8127785066444275     
   1.9199991000000001        49.446975999999999        39.245786257590659       -10.201189742409341     
   1.9799990999999999        45.043365000000001        39.819723205214920       -5.2236417947850811     
   2.0399989999999999        35.249588000000003        40.388438423105200        5.1388504231051968     
   2.0999989999999999        44.817290999999997        40.951933806982041       -3.8653571930179567     
   2.1599989000000002        52.460487000000001        41.510207478527498       -10.950279521472503     
   2.2199987999999999        53.168292999999998        42.063260381251204       -11.105032618748794     
   2.2799988000000000        38.602707000000002        42.611093423857568        4.0083864238575657     
   2.3399987000000002        44.749805000000002        43.153704780236446       -1.5961002197635565     
   2.3999986999999998        47.164951000000002        43.691096259095389       -3.4738547409046134     
   2.4599986000000000        45.302627999999999        44.223266069129465       -1.0793619308705331     
   2.5199986000000001        54.004612000000002        44.750215984240988       -9.2543960157590135     
   2.5799984999999999        52.704376000000003        45.271944247930243       -7.4324317520697605     
   2.6399984000000001        48.031826000000002        45.788451742797740       -2.2433742572022624     
   2.6999984000000001        49.650162000000002        46.299739316638792       -3.3504226833612094     
   2.7599982999999999        43.315269000000001        46.805805265161482        3.4905362651614809     
   2.8199983000000000        54.026713999999998        47.306651275255092       -6.7200627247449063     
   2.8799982000000002        38.594971000000001        47.802275677432966        9.2073046774329654     
   2.9399980999999999        49.310360000000003        48.292679310789083       -1.0176806892109198     
   2.9999981000000000        51.392268999999999        48.777862979612223       -2.6144060203877757     
   3.0599980000000002        42.966659999999997        49.257825066623525        6.2911650666235275     
   3.1199979999999998        38.678092999999997        49.732567171699259        11.054474171699262     
   3.1799979000000000        48.833210000000001        50.202087712365731        1.3688777123657303     
   3.2399979000000001        53.146155999999998        50.666388253694038       -2.4797677463059600     
   3.2999977999999999        55.868889000000003        51.125467248015717       -4.7434217519842861     
   3.3599977000000001        51.749226000000000        51.579325473515610      -0.16990052648439047     
   3.4199977000000001        47.286155999999998        52.027963673573446        4.7418076735734473     
   3.4799975999999999        45.046619000000000        52.471380352728545        7.4247613527285452     
   3.5399976000000000        46.207577000000001        52.909576989038946        6.7019999890389457     
   3.5999975000000002        49.074047000000000        53.342552121849231        4.2685051218492305     
   3.6599974999999998        58.225879999999997        53.770307194412226       -4.4555728055877708     
   3.7199974000000000        58.341132999999999        54.192840780877674       -4.1482922191223253     
   3.7799972999999998        53.740718999999999        54.610153598521386       0.86943459852138716     
   3.8399972999999998        58.187877999999998        55.022246329813903       -3.1656316701860945     
   3.8999972000000001        41.294483000000000        55.429117601112786        14.134634601112786     
   3.9599972000000001        54.445186999999997        55.830768768657883        1.3855817686578860     
   4.0199971000000003        55.156424999999999        56.227198493611965        1.0707734936119664     
   4.0799970999999999        59.436649000000003        56.618408097409628       -2.8182409025903752     
   4.1399970000000001        55.025078000000001        57.004396276018888        1.9793182760188870     
   4.1999969000000004        57.604171999999998        57.385163685806397      -0.21900831419360145     
   4.2599969000000000        52.952224999999999        57.760710948333582        4.8084859483335833     
   4.3199968000000002        43.494053000000001        58.131036811776276        14.636983811776275     
   4.3799967999999998        52.375660000000003        58.496142510556041        6.1204825105560374     
   4.4399967000000000        55.259757999999998        58.856026827653920        3.5962688276539225     
   4.4999966999999996        46.625599000000001        59.210690962686279        12.585091962686278     
   4.5599965999999998        56.224280999999998        59.560133733439329        3.3358527334393315     
   4.6199965000000001        55.510868000000002        59.904355735370629        4.3934877353706270     
   4.6799964999999997        63.499161000000001        60.243357529132517       -3.2558034708674839     
   4.7399963999999999        52.564171000000002        60.577137984718988        8.0129669847189859     
   4.7999964000000004        60.625103000000003        60.905698214733462       0.28059521473345939     
   4.8599962999999997        61.313609999999997        61.229037123975125       -8.4572876024871846E-002
   4.9199963000000002        58.911361999999997        61.547155790242165        2.6357937902421682     
   4.9799962000000004        54.933833999999997        61.860053153139020        6.9262191531390229     
   5.0399960999999998        52.140793000000002        62.167729747214111        10.026936747214108     
   5.0999961000000003        53.585937999999999        62.470186072210673        8.8842480722106743     
   5.1599959999999996        63.542931000000003        62.767421119940948      -0.77550988005905452     
   5.2199960000000001        61.112667000000002        63.059435881190090        1.9467688811900885     
   5.2799959000000003        54.995266000000001        63.346229382575558        8.3509633825755571     
   5.3399958999999999        71.691115999999994        63.627802580077272       -8.0633134199227214     
   5.3999958000000001        69.441474999999997        63.904154535117925       -5.5373204648820717     
   5.4599957000000003        73.738899000000004        64.175285721336820       -9.5636132786631833     
   5.5199956999999999        78.634513999999996        64.441196577568064       -14.193317422431932     
   5.5799956000000002        63.198321999999997        64.701886217442137        1.5035642174421397     
   5.6399955999999998        68.688880999999995        64.957355509925961       -3.7315254900740342     
   5.6999955000000000        75.719275999999994        65.207603603455226       -10.511672396544768     
   5.7599954999999996        66.267516999999998        65.452631332191615      -0.81488566780838312     
   5.8199953999999998        69.169739000000007        65.692437879376072       -3.4773011206239346     
   5.8799953000000000        72.847008000000002        65.927023657738758       -6.9199843422612446     
   5.9399952999999996        72.243522999999996        66.156389045204676       -6.0871339547953198     
