   0.0000000000000000        19.951191000000001        10.155347908187551       -9.7958430918124506     
   5.9999998700000001E-002   13.104309000000001        11.862155556796404       -1.2421534432035966     
  0.12000000000000000        22.790436000000000        13.514466656931859       -9.2759693430681409     
  0.17999999000000000        20.072783999999999        15.113296834752614       -4.9594871652473849     
  0.23999999000000000        14.043241999999999        16.659662656838346        2.6164206568383470     
  0.29999998000000000        17.829739000000000        18.154579604757416       0.32484060475741572     
  0.35999998000000000        11.155341000000000        19.599064174064964        8.4437231740649636     
  0.41999998999999999        11.193588000000000        20.994132337189193        9.8005443371891925     
  0.47999998999999999        19.378617999999999        22.340799626639090        2.9621816266390901     
  0.53999995999999995        20.577938000000000        23.640081638441828        3.0621436384418281     
  0.59999996000000000        19.335032999999999        24.892995668847256        5.5579626688472565     
  0.65999996999999999        18.830303000000001        26.100557251380351        7.2702542513803508     
  0.71999997000000004        35.318137999999998        27.263781981052290       -8.0543560189477077     
  0.77999996999999999        26.134274000000001        28.383686060264992        2.2494120602649907     
  0.83999997000000004        28.351948000000000        29.461285486408968        1.1093374864089682     
  0.89999998000000003        33.677643000000003        30.497596426208926       -3.1800465737910777     
  0.95999997999999997        21.712502000000001        31.493634531759575        9.7811325317595745     
   1.0200000000000000        35.314704999999996        32.450416289079662       -2.8642887109203343     
   1.0799999000000000        36.090285999999999        33.368955558389068       -2.7213304416109310     
   1.1399999000000001        30.444890999999998        34.250271722883355        3.8053807228833563     
   1.1999998000000001        41.881844000000001        35.095377838563628       -6.7864661614363726     
   1.2599997999999999        33.537708000000002        35.905292718434367        2.3675847184343652     
   1.3199997000000001        30.355846000000000        36.681029656500968        6.3251836565009683     
   1.3799996000000001        46.259258000000003        37.423606023977051       -8.8356519760229517     
   1.4399995999999999        39.491570000000003        38.134038971005317       -1.3575310289946856     
   1.4999994999999999        41.584606000000001        38.813342123197600       -2.7712638768024007     
   1.5599995000000000        37.831657000000000        39.462533740880914        1.6308767408809146     
   1.6199994000000000        35.832225999999999        40.082627653804856        4.2504016538048575     
   1.6799994000000000        31.747682999999999        40.674641924931990        8.9269589249319914     
   1.7399993000000000        45.328682000000001        41.239590574603056       -4.0890914253969441     
   1.7999992000000000        42.785862000000002        41.778490604937367       -1.0073713950626342     
   1.8599992000000001        45.479407999999999        42.292358844396432       -3.1870491556035674     
   1.9199991000000001        49.446975999999999        42.782209573807734       -6.6647664261922657     
   1.9799990999999999        45.043365000000001        43.249060421989206       -1.7943045780107951     
   2.0399989999999999        35.249588000000003        43.693925826492972        8.4443378264929692     
   2.0999989999999999        44.817290999999997        44.117823266185624      -0.69946773381437310     
   2.1599989000000002        52.460487000000001        44.521767321797320       -7.9387196782026805     
   2.2199987999999999        53.168292999999998        44.906774709326037       -8.2615182906739619     
   2.2799988000000000        38.602707000000002        45.273862018524994        6.6711550185249919     
   2.3399987000000002        44.749805000000002        45.624044019491521       0.87423901949151883     
   2.3999986999999998        47.164951000000002        45.958337875480247       -1.2066131245197553     
   2.4599986000000000        45.302627999999999        46.277758465900021       0.97513046590002261     
   2.5199986000000001        54.004612000000002        46.583322851467294       -7.4212891485327077     
   2.5799984999999999        52.704376000000003        46.876046007355797       -5.8283299926442069     
   2.6399984000000001        48.031826000000002        47.156944446415061      -0.87488155358494168     
   2.6999984000000001        49.650162000000002        47.427034602663056       -2.2231273973369454     
   2.7599982999999999        43.315269000000001        47.687331569520936        4.3720625695209350     
   2.8199983000000000        54.026713999999998        47.938852210626067       -6.0878617893739317     
   2.8799982000000002        38.594971000000001        48.182611681297978        9.5876406812979766     
   2.9399980999999999        49.310360000000003        48.419626400080034      -0.89073359991996881     
   2.9999981000000000        51.392268999999999        48.650912740550467       -2.7413562594495318     
   3.0599980000000002        42.966659999999997        48.877485925476449        5.9108259254764519     
   3.1199979999999998        38.678092999999997        49.100362706082620        10.422269706082623     
   3.1799979000000000        48.833210000000001        49.320558333167980       0.48734833316797932     
   3.2399979000000001        53.146155999999998        49.539089536698640       -3.6070664633013578     
   3.2999977999999999        55.868889000000003        49.756971581958894       -6.1119174180411093     
   3.3599977000000001        51.749226000000000        49.975220826583026       -1.7740051734169739     
   3.4199977000000001        47.286155999999998        50.194853630653370        2.9086976306533714     
   3.4799975999999999        45.046619000000000        50.416885255782233        5.3702662557822336     
   3.5399976000000000        46.207577000000001        50.642332438055675        4.4347554380556744     
   3.5999975000000002        49.074047000000000        50.872210419704729        1.7981634197047285     
   3.6599974999999998        58.225879999999997        51.107535962970033       -7.1183440370299635     
   3.7199974000000000        58.341132999999999        51.349324277154750       -6.9918087228452492     
   3.7799972999999998        53.740718999999999        51.598591741957108       -2.1421272580428905     
   3.8399972999999998        58.187877999999998        51.856354786936507       -6.3315232130634911     
   3.8999972000000001        41.294483000000000        52.123628546604436        10.829145546604437     
   3.9599972000000001        54.445186999999997        52.401429907854279       -2.0437570921457180     
   4.0199971000000003        55.156424999999999        52.690773938403154       -2.4656510615968443     
   4.0799970999999999        59.436649000000003        52.992677598712234       -6.4439714012877687     
   4.1399970000000001        55.025078000000001        53.308155876157585       -1.7169221238424157     
   4.1999969000000004        57.604171999999998        53.638225255474353       -3.9659467445256453     
   4.2599969000000000        52.952224999999999        53.983902318671937        1.0316773186719388     
   4.3199968000000002        43.494053000000001        54.346201907215004        10.852148907215003     
   4.3799967999999998        52.375660000000003        54.726141224750364        2.3504812247503608     
   4.4399967000000000        55.259757999999998        55.124734998535303      -0.13502300146469537     
   4.4999966999999996        46.625599000000001        55.543000553197231        8.9174015531972302     
   4.5599965999999998        56.224280999999998        55.981952488239358      -0.24232851176063974     
   4.6199965000000001        55.510868000000002        56.442607476406693       0.93173947640669041     
   4.6799964999999997        63.499161000000001        56.925982335131550       -6.5731786648684505     
   4.7399963999999999        52.564171000000002        57.433091446886039        4.8689204468860368     
   4.7999964000000004        60.625103000000003        57.964952498016032       -2.6601505019839706     
   4.8599962999999997        61.313609999999997        58.522579709373105       -2.7910302906268925     
   4.9199963000000002        58.911361999999997        59.106990935697070       0.19562893569707285     
   4.9799962000000004        54.933833999999997        59.719200222672214        4.7853662226722165     
   5.0399960999999998        52.140793000000002        60.360224514026243        8.2194315140262404     
   5.0999961000000003        53.585937999999999        61.031080945587490        7.4451429455874916     
   5.1599959999999996        63.542931000000003        61.732783274889471       -1.8101477251105322     
   5.2199960000000001        61.112667000000002        62.466349836923257        1.3536828369232552     
   5.2799959000000003        54.995266000000001        63.232794180188591        8.2375281801885905     
   5.3399958999999999        71.691115999999994        64.033134855483752       -7.6579811445162420     
   5.3999958000000001        69.441474999999997        64.868385188727984       -4.5730898112720126     
   5.4599957000000003        73.738899000000004        65.739562477604863       -7.9993365223951400     
   5.5199956999999999        78.634513999999996        66.647684259311745       -11.986829740688250     
   5.5799956000000002        63.198321999999997        67.593763500497403        4.3954415004974052     
   5.6399955999999998        68.688880999999995        68.578819350744027      -0.11006164925596806     
   5.6999955000000000        75.719275999999994        69.603864520253921       -6.1154114797460721     
   5.7599954999999996        66.267516999999998        70.669918421829266        4.4024014218292677     
   5.8199953999999998        69.169739000000007        71.777993495678743        2.6082544956787359     
   5.8799953000000000        72.847008000000002        72.929107476414799        8.2099476414796868E-002
   5.9399952999999996        72.243522999999996        74.124278385576133        1.8807553855761370     
